0 info it worked if it ends with ok
1 verbose cli [ '/Users/lijung/.nvm/v0.10.29/bin/node',
1 verbose cli   '/Users/lijung/.nvm/v0.10.29/bin/npm',
1 verbose cli   'publish',
1 verbose cli   '.' ]
2 info using npm@1.4.14
3 info using node@v0.10.29
4 verbose publish [ '.' ]
5 error Failed to parse json
5 error Unexpected token
6 error File: /Users/lijung/Documents/canner/canner/package.json
7 error Failed to parse package.json data.
7 error package.json must be actual JSON, not just JavaScript.
7 error
7 error This is not a bug in npm.
7 error Tell the package author to fix their package.json file. JSON.parse
8 error System Darwin 13.3.0
9 error command "/Users/lijung/.nvm/v0.10.29/bin/node" "/Users/lijung/.nvm/v0.10.29/bin/npm" "publish" "."
10 error cwd /Users/lijung/Documents/canner/canner
11 error node -v v0.10.29
12 error npm -v 1.4.14
13 error file /Users/lijung/Documents/canner/canner/package.json
14 error code EJSONPARSE
15 verbose exit [ 1, true ]
